Determining if the function fcntl exists failed with the following output:
Change Dir: C:/Dev/S0012E/Assignment4/S0012E-Engine/cmake-build-debug/CMakeFiles/CMakeScratch/TryCompile-r5lyjb

Run Build Command(s):C:/Program Files/JetBrains/CLion 2023.1.1/bin/ninja/win/x64/ninja.exe cmTC_4c224 && [1/2] Building C object CMakeFiles\cmTC_4c224.dir\CheckFunctionExists.c.obj
[2/2] Linking C executable cmTC_4c224.exe
FAILED: cmTC_4c224.exe 
cmd.exe /C "cd . && "C:\Program Files\JetBrains\CLion 2023.1.1\bin\cmake\win\x64\bin\cmake.exe" -E vs_link_exe --intdir=CMakeFiles\cmTC_4c224.dir --rc=C:\PROGRA~2\WI3CF2~1\10\bin\100220~1.0\x86\rc.exe --mt=C:\PROGRA~2\WI3CF2~1\10\bin\100220~1.0\x86\mt.exe --manifests  -- C:\PROGRA~1\MICROS~2\2022\COMMUN~1\VC\Tools\MSVC\1435~1.322\bin\Hostx86\x86\link.exe /nologo CMakeFiles\cmTC_4c224.dir\CheckFunctionExists.c.obj  /out:cmTC_4c224.exe /implib:cmTC_4c224.lib /pdb:cmTC_4c224.pdb /version:0.0 /machine:X86  /debug /INCREMENTAL /subsystem:console  kernel32.lib user32.lib gdi32.lib winspool.lib shell32.lib ole32.lib oleaut32.lib uuid.lib comdlg32.lib advapi32.lib && cd ."
LINK Pass 1: command "C:\PROGRA~1\MICROS~2\2022\COMMUN~1\VC\Tools\MSVC\1435~1.322\bin\Hostx86\x86\link.exe /nologo CMakeFiles\cmTC_4c224.dir\CheckFunctionExists.c.obj /out:cmTC_4c224.exe /implib:cmTC_4c224.lib /pdb:cmTC_4c224.pdb /version:0.0 /machine:X86 /debug /INCREMENTAL /subsystem:console kernel32.lib user32.lib gdi32.lib winspool.lib shell32.lib ole32.lib oleaut32.lib uuid.lib comdlg32.lib advapi32.lib /MANIFEST /MANIFESTFILE:CMakeFiles\cmTC_4c224.dir/intermediate.manifest CMakeFiles\cmTC_4c224.dir/manifest.res" failed (exit code 1120) with the following output:
CheckFunctionExists.c.obj : error LNK2019: unresolved external symbol _fcntl referenced in function _main
cmTC_4c224.exe : fatal error LNK1120: 1 unresolved externals
ninja: build stopped: subcommand failed.



Determining if the function poll exists failed with the following output:
Change Dir: C:/Dev/S0012E/Assignment4/S0012E-Engine/cmake-build-debug/CMakeFiles/CMakeScratch/TryCompile-4s91kw

Run Build Command(s):C:/Program Files/JetBrains/CLion 2023.1.1/bin/ninja/win/x64/ninja.exe cmTC_8c950 && [1/2] Building C object CMakeFiles\cmTC_8c950.dir\CheckFunctionExists.c.obj
[2/2] Linking C executable cmTC_8c950.exe
FAILED: cmTC_8c950.exe 
cmd.exe /C "cd . && "C:\Program Files\JetBrains\CLion 2023.1.1\bin\cmake\win\x64\bin\cmake.exe" -E vs_link_exe --intdir=CMakeFiles\cmTC_8c950.dir --rc=C:\PROGRA~2\WI3CF2~1\10\bin\100220~1.0\x86\rc.exe --mt=C:\PROGRA~2\WI3CF2~1\10\bin\100220~1.0\x86\mt.exe --manifests  -- C:\PROGRA~1\MICROS~2\2022\COMMUN~1\VC\Tools\MSVC\1435~1.322\bin\Hostx86\x86\link.exe /nologo CMakeFiles\cmTC_8c950.dir\CheckFunctionExists.c.obj  /out:cmTC_8c950.exe /implib:cmTC_8c950.lib /pdb:cmTC_8c950.pdb /version:0.0 /machine:X86  /debug /INCREMENTAL /subsystem:console  kernel32.lib user32.lib gdi32.lib winspool.lib shell32.lib ole32.lib oleaut32.lib uuid.lib comdlg32.lib advapi32.lib && cd ."
LINK Pass 1: command "C:\PROGRA~1\MICROS~2\2022\COMMUN~1\VC\Tools\MSVC\1435~1.322\bin\Hostx86\x86\link.exe /nologo CMakeFiles\cmTC_8c950.dir\CheckFunctionExists.c.obj /out:cmTC_8c950.exe /implib:cmTC_8c950.lib /pdb:cmTC_8c950.pdb /version:0.0 /machine:X86 /debug /INCREMENTAL /subsystem:console kernel32.lib user32.lib gdi32.lib winspool.lib shell32.lib ole32.lib oleaut32.lib uuid.lib comdlg32.lib advapi32.lib /MANIFEST /MANIFESTFILE:CMakeFiles\cmTC_8c950.dir/intermediate.manifest CMakeFiles\cmTC_8c950.dir/manifest.res" failed (exit code 1120) with the following output:
CheckFunctionExists.c.obj : error LNK2019: unresolved external symbol _poll referenced in function _main
cmTC_8c950.exe : fatal error LNK1120: 1 unresolved externals
ninja: build stopped: subcommand failed.



Determining if the function getaddrinfo exists failed with the following output:
Change Dir: C:/Dev/S0012E/Assignment4/S0012E-Engine/cmake-build-debug/CMakeFiles/CMakeScratch/TryCompile-kzsd2w

Run Build Command(s):C:/Program Files/JetBrains/CLion 2023.1.1/bin/ninja/win/x64/ninja.exe cmTC_4a8e6 && [1/2] Building C object CMakeFiles\cmTC_4a8e6.dir\CheckFunctionExists.c.obj
[2/2] Linking C executable cmTC_4a8e6.exe
FAILED: cmTC_4a8e6.exe 
cmd.exe /C "cd . && "C:\Program Files\JetBrains\CLion 2023.1.1\bin\cmake\win\x64\bin\cmake.exe" -E vs_link_exe --intdir=CMakeFiles\cmTC_4a8e6.dir --rc=C:\PROGRA~2\WI3CF2~1\10\bin\100220~1.0\x86\rc.exe --mt=C:\PROGRA~2\WI3CF2~1\10\bin\100220~1.0\x86\mt.exe --manifests  -- C:\PROGRA~1\MICROS~2\2022\COMMUN~1\VC\Tools\MSVC\1435~1.322\bin\Hostx86\x86\link.exe /nologo CMakeFiles\cmTC_4a8e6.dir\CheckFunctionExists.c.obj  /out:cmTC_4a8e6.exe /implib:cmTC_4a8e6.lib /pdb:cmTC_4a8e6.pdb /version:0.0 /machine:X86  /debug /INCREMENTAL /subsystem:console  kernel32.lib user32.lib gdi32.lib winspool.lib shell32.lib ole32.lib oleaut32.lib uuid.lib comdlg32.lib advapi32.lib && cd ."
LINK Pass 1: command "C:\PROGRA~1\MICROS~2\2022\COMMUN~1\VC\Tools\MSVC\1435~1.322\bin\Hostx86\x86\link.exe /nologo CMakeFiles\cmTC_4a8e6.dir\CheckFunctionExists.c.obj /out:cmTC_4a8e6.exe /implib:cmTC_4a8e6.lib /pdb:cmTC_4a8e6.pdb /version:0.0 /machine:X86 /debug /INCREMENTAL /subsystem:console kernel32.lib user32.lib gdi32.lib winspool.lib shell32.lib ole32.lib oleaut32.lib uuid.lib comdlg32.lib advapi32.lib /MANIFEST /MANIFESTFILE:CMakeFiles\cmTC_4a8e6.dir/intermediate.manifest CMakeFiles\cmTC_4a8e6.dir/manifest.res" failed (exit code 1120) with the following output:
CheckFunctionExists.c.obj : error LNK2019: unresolved external symbol _getaddrinfo referenced in function _main
cmTC_4a8e6.exe : fatal error LNK1120: 1 unresolved externals
ninja: build stopped: subcommand failed.



Determining if the function getnameinfo exists failed with the following output:
Change Dir: C:/Dev/S0012E/Assignment4/S0012E-Engine/cmake-build-debug/CMakeFiles/CMakeScratch/TryCompile-7vayhk

Run Build Command(s):C:/Program Files/JetBrains/CLion 2023.1.1/bin/ninja/win/x64/ninja.exe cmTC_405dc && [1/2] Building C object CMakeFiles\cmTC_405dc.dir\CheckFunctionExists.c.obj
[2/2] Linking C executable cmTC_405dc.exe
FAILED: cmTC_405dc.exe 
cmd.exe /C "cd . && "C:\Program Files\JetBrains\CLion 2023.1.1\bin\cmake\win\x64\bin\cmake.exe" -E vs_link_exe --intdir=CMakeFiles\cmTC_405dc.dir --rc=C:\PROGRA~2\WI3CF2~1\10\bin\100220~1.0\x86\rc.exe --mt=C:\PROGRA~2\WI3CF2~1\10\bin\100220~1.0\x86\mt.exe --manifests  -- C:\PROGRA~1\MICROS~2\2022\COMMUN~1\VC\Tools\MSVC\1435~1.322\bin\Hostx86\x86\link.exe /nologo CMakeFiles\cmTC_405dc.dir\CheckFunctionExists.c.obj  /out:cmTC_405dc.exe /implib:cmTC_405dc.lib /pdb:cmTC_405dc.pdb /version:0.0 /machine:X86  /debug /INCREMENTAL /subsystem:console  kernel32.lib user32.lib gdi32.lib winspool.lib shell32.lib ole32.lib oleaut32.lib uuid.lib comdlg32.lib advapi32.lib && cd ."
LINK Pass 1: command "C:\PROGRA~1\MICROS~2\2022\COMMUN~1\VC\Tools\MSVC\1435~1.322\bin\Hostx86\x86\link.exe /nologo CMakeFiles\cmTC_405dc.dir\CheckFunctionExists.c.obj /out:cmTC_405dc.exe /implib:cmTC_405dc.lib /pdb:cmTC_405dc.pdb /version:0.0 /machine:X86 /debug /INCREMENTAL /subsystem:console kernel32.lib user32.lib gdi32.lib winspool.lib shell32.lib ole32.lib oleaut32.lib uuid.lib comdlg32.lib advapi32.lib /MANIFEST /MANIFESTFILE:CMakeFiles\cmTC_405dc.dir/intermediate.manifest CMakeFiles\cmTC_405dc.dir/manifest.res" failed (exit code 1120) with the following output:
CheckFunctionExists.c.obj : error LNK2019: unresolved external symbol _getnameinfo referenced in function _main
cmTC_405dc.exe : fatal error LNK1120: 1 unresolved externals
ninja: build stopped: subcommand failed.



Determining if the function gethostbyname_r exists failed with the following output:
Change Dir: C:/Dev/S0012E/Assignment4/S0012E-Engine/cmake-build-debug/CMakeFiles/CMakeScratch/TryCompile-l3z01a

Run Build Command(s):C:/Program Files/JetBrains/CLion 2023.1.1/bin/ninja/win/x64/ninja.exe cmTC_811a6 && [1/2] Building C object CMakeFiles\cmTC_811a6.dir\CheckFunctionExists.c.obj
[2/2] Linking C executable cmTC_811a6.exe
FAILED: cmTC_811a6.exe 
cmd.exe /C "cd . && "C:\Program Files\JetBrains\CLion 2023.1.1\bin\cmake\win\x64\bin\cmake.exe" -E vs_link_exe --intdir=CMakeFiles\cmTC_811a6.dir --rc=C:\PROGRA~2\WI3CF2~1\10\bin\100220~1.0\x86\rc.exe --mt=C:\PROGRA~2\WI3CF2~1\10\bin\100220~1.0\x86\mt.exe --manifests  -- C:\PROGRA~1\MICROS~2\2022\COMMUN~1\VC\Tools\MSVC\1435~1.322\bin\Hostx86\x86\link.exe /nologo CMakeFiles\cmTC_811a6.dir\CheckFunctionExists.c.obj  /out:cmTC_811a6.exe /implib:cmTC_811a6.lib /pdb:cmTC_811a6.pdb /version:0.0 /machine:X86  /debug /INCREMENTAL /subsystem:console  kernel32.lib user32.lib gdi32.lib winspool.lib shell32.lib ole32.lib oleaut32.lib uuid.lib comdlg32.lib advapi32.lib && cd ."
LINK Pass 1: command "C:\PROGRA~1\MICROS~2\2022\COMMUN~1\VC\Tools\MSVC\1435~1.322\bin\Hostx86\x86\link.exe /nologo CMakeFiles\cmTC_811a6.dir\CheckFunctionExists.c.obj /out:cmTC_811a6.exe /implib:cmTC_811a6.lib /pdb:cmTC_811a6.pdb /version:0.0 /machine:X86 /debug /INCREMENTAL /subsystem:console kernel32.lib user32.lib gdi32.lib winspool.lib shell32.lib ole32.lib oleaut32.lib uuid.lib comdlg32.lib advapi32.lib /MANIFEST /MANIFESTFILE:CMakeFiles\cmTC_811a6.dir/intermediate.manifest CMakeFiles\cmTC_811a6.dir/manifest.res" failed (exit code 1120) with the following output:
CheckFunctionExists.c.obj : error LNK2019: unresolved external symbol _gethostbyname_r referenced in function _main
cmTC_811a6.exe : fatal error LNK1120: 1 unresolved externals
ninja: build stopped: subcommand failed.



Determining if the function gethostbyaddr_r exists failed with the following output:
Change Dir: C:/Dev/S0012E/Assignment4/S0012E-Engine/cmake-build-debug/CMakeFiles/CMakeScratch/TryCompile-t4w60t

Run Build Command(s):C:/Program Files/JetBrains/CLion 2023.1.1/bin/ninja/win/x64/ninja.exe cmTC_54068 && [1/2] Building C object CMakeFiles\cmTC_54068.dir\CheckFunctionExists.c.obj
[2/2] Linking C executable cmTC_54068.exe
FAILED: cmTC_54068.exe 
cmd.exe /C "cd . && "C:\Program Files\JetBrains\CLion 2023.1.1\bin\cmake\win\x64\bin\cmake.exe" -E vs_link_exe --intdir=CMakeFiles\cmTC_54068.dir --rc=C:\PROGRA~2\WI3CF2~1\10\bin\100220~1.0\x86\rc.exe --mt=C:\PROGRA~2\WI3CF2~1\10\bin\100220~1.0\x86\mt.exe --manifests  -- C:\PROGRA~1\MICROS~2\2022\COMMUN~1\VC\Tools\MSVC\1435~1.322\bin\Hostx86\x86\link.exe /nologo CMakeFiles\cmTC_54068.dir\CheckFunctionExists.c.obj  /out:cmTC_54068.exe /implib:cmTC_54068.lib /pdb:cmTC_54068.pdb /version:0.0 /machine:X86  /debug /INCREMENTAL /subsystem:console  kernel32.lib user32.lib gdi32.lib winspool.lib shell32.lib ole32.lib oleaut32.lib uuid.lib comdlg32.lib advapi32.lib && cd ."
LINK Pass 1: command "C:\PROGRA~1\MICROS~2\2022\COMMUN~1\VC\Tools\MSVC\1435~1.322\bin\Hostx86\x86\link.exe /nologo CMakeFiles\cmTC_54068.dir\CheckFunctionExists.c.obj /out:cmTC_54068.exe /implib:cmTC_54068.lib /pdb:cmTC_54068.pdb /version:0.0 /machine:X86 /debug /INCREMENTAL /subsystem:console kernel32.lib user32.lib gdi32.lib winspool.lib shell32.lib ole32.lib oleaut32.lib uuid.lib comdlg32.lib advapi32.lib /MANIFEST /MANIFESTFILE:CMakeFiles\cmTC_54068.dir/intermediate.manifest CMakeFiles\cmTC_54068.dir/manifest.res" failed (exit code 1120) with the following output:
CheckFunctionExists.c.obj : error LNK2019: unresolved external symbol _gethostbyaddr_r referenced in function _main
cmTC_54068.exe : fatal error LNK1120: 1 unresolved externals
ninja: build stopped: subcommand failed.



Determining if the function inet_pton exists failed with the following output:
Change Dir: C:/Dev/S0012E/Assignment4/S0012E-Engine/cmake-build-debug/CMakeFiles/CMakeScratch/TryCompile-3ou6bm

Run Build Command(s):C:/Program Files/JetBrains/CLion 2023.1.1/bin/ninja/win/x64/ninja.exe cmTC_a661d && [1/2] Building C object CMakeFiles\cmTC_a661d.dir\CheckFunctionExists.c.obj
[2/2] Linking C executable cmTC_a661d.exe
FAILED: cmTC_a661d.exe 
cmd.exe /C "cd . && "C:\Program Files\JetBrains\CLion 2023.1.1\bin\cmake\win\x64\bin\cmake.exe" -E vs_link_exe --intdir=CMakeFiles\cmTC_a661d.dir --rc=C:\PROGRA~2\WI3CF2~1\10\bin\100220~1.0\x86\rc.exe --mt=C:\PROGRA~2\WI3CF2~1\10\bin\100220~1.0\x86\mt.exe --manifests  -- C:\PROGRA~1\MICROS~2\2022\COMMUN~1\VC\Tools\MSVC\1435~1.322\bin\Hostx86\x86\link.exe /nologo CMakeFiles\cmTC_a661d.dir\CheckFunctionExists.c.obj  /out:cmTC_a661d.exe /implib:cmTC_a661d.lib /pdb:cmTC_a661d.pdb /version:0.0 /machine:X86  /debug /INCREMENTAL /subsystem:console  kernel32.lib user32.lib gdi32.lib winspool.lib shell32.lib ole32.lib oleaut32.lib uuid.lib comdlg32.lib advapi32.lib && cd ."
LINK Pass 1: command "C:\PROGRA~1\MICROS~2\2022\COMMUN~1\VC\Tools\MSVC\1435~1.322\bin\Hostx86\x86\link.exe /nologo CMakeFiles\cmTC_a661d.dir\CheckFunctionExists.c.obj /out:cmTC_a661d.exe /implib:cmTC_a661d.lib /pdb:cmTC_a661d.pdb /version:0.0 /machine:X86 /debug /INCREMENTAL /subsystem:console kernel32.lib user32.lib gdi32.lib winspool.lib shell32.lib ole32.lib oleaut32.lib uuid.lib comdlg32.lib advapi32.lib /MANIFEST /MANIFESTFILE:CMakeFiles\cmTC_a661d.dir/intermediate.manifest CMakeFiles\cmTC_a661d.dir/manifest.res" failed (exit code 1120) with the following output:
CheckFunctionExists.c.obj : error LNK2019: unresolved external symbol _inet_pton referenced in function _main
cmTC_a661d.exe : fatal error LNK1120: 1 unresolved externals
ninja: build stopped: subcommand failed.



Determining if the function inet_ntop exists failed with the following output:
Change Dir: C:/Dev/S0012E/Assignment4/S0012E-Engine/cmake-build-debug/CMakeFiles/CMakeScratch/TryCompile-flvndb

Run Build Command(s):C:/Program Files/JetBrains/CLion 2023.1.1/bin/ninja/win/x64/ninja.exe cmTC_6fece && [1/2] Building C object CMakeFiles\cmTC_6fece.dir\CheckFunctionExists.c.obj
[2/2] Linking C executable cmTC_6fece.exe
FAILED: cmTC_6fece.exe 
cmd.exe /C "cd . && "C:\Program Files\JetBrains\CLion 2023.1.1\bin\cmake\win\x64\bin\cmake.exe" -E vs_link_exe --intdir=CMakeFiles\cmTC_6fece.dir --rc=C:\PROGRA~2\WI3CF2~1\10\bin\100220~1.0\x86\rc.exe --mt=C:\PROGRA~2\WI3CF2~1\10\bin\100220~1.0\x86\mt.exe --manifests  -- C:\PROGRA~1\MICROS~2\2022\COMMUN~1\VC\Tools\MSVC\1435~1.322\bin\Hostx86\x86\link.exe /nologo CMakeFiles\cmTC_6fece.dir\CheckFunctionExists.c.obj  /out:cmTC_6fece.exe /implib:cmTC_6fece.lib /pdb:cmTC_6fece.pdb /version:0.0 /machine:X86  /debug /INCREMENTAL /subsystem:console  kernel32.lib user32.lib gdi32.lib winspool.lib shell32.lib ole32.lib oleaut32.lib uuid.lib comdlg32.lib advapi32.lib && cd ."
LINK Pass 1: command "C:\PROGRA~1\MICROS~2\2022\COMMUN~1\VC\Tools\MSVC\1435~1.322\bin\Hostx86\x86\link.exe /nologo CMakeFiles\cmTC_6fece.dir\CheckFunctionExists.c.obj /out:cmTC_6fece.exe /implib:cmTC_6fece.lib /pdb:cmTC_6fece.pdb /version:0.0 /machine:X86 /debug /INCREMENTAL /subsystem:console kernel32.lib user32.lib gdi32.lib winspool.lib shell32.lib ole32.lib oleaut32.lib uuid.lib comdlg32.lib advapi32.lib /MANIFEST /MANIFESTFILE:CMakeFiles\cmTC_6fece.dir/intermediate.manifest CMakeFiles\cmTC_6fece.dir/manifest.res" failed (exit code 1120) with the following output:
CheckFunctionExists.c.obj : error LNK2019: unresolved external symbol _inet_ntop referenced in function _main
cmTC_6fece.exe : fatal error LNK1120: 1 unresolved externals
ninja: build stopped: subcommand failed.



Performing C SOURCE FILE Test HAS_MSGHDR_FLAGS failed with the following output:
Change Dir: C:/Dev/S0012E/Assignment4/S0012E-Engine/cmake-build-debug/CMakeFiles/CMakeScratch/TryCompile-ryb0yg

Run Build Command(s):C:/Program Files/JetBrains/CLion 2023.1.1/bin/ninja/win/x64/ninja.exe cmTC_8d68b && [1/2] Building C object CMakeFiles\cmTC_8d68b.dir\src.c.obj
FAILED: CMakeFiles/cmTC_8d68b.dir/src.c.obj 
C:\PROGRA~1\MICROS~2\2022\COMMUN~1\VC\Tools\MSVC\1435~1.322\bin\Hostx86\x86\cl.exe  /nologo -DHAS_MSGHDR_FLAGS  /DWIN32 /D_WINDOWS /W3  /MDd /Zi /Ob0 /Od /RTC1 /showIncludes /FoCMakeFiles\cmTC_8d68b.dir\src.c.obj /FdCMakeFiles\cmTC_8d68b.dir\ /FS -c C:\Dev\S0012E\Assignment4\S0012E-Engine\cmake-build-debug\CMakeFiles\CMakeScratch\TryCompile-ryb0yg\src.c
C:\Dev\S0012E\Assignment4\S0012E-Engine\cmake-build-debug\CMakeFiles\CMakeScratch\TryCompile-ryb0yg\src.c(3): fatal error C1083: Cannot open include file: 'sys/socket.h': No such file or directory
ninja: build stopped: subcommand failed.


Source file was:

#include <sys/types.h>
#include <sys/socket.h>

int main()
{
  (void)sizeof(((struct msghdr *)0)->msg_flags);
  return 0;
}


Determining size of socklen_t failed with the following output:
Change Dir: C:/Dev/S0012E/Assignment4/S0012E-Engine/cmake-build-debug/CMakeFiles/CMakeScratch/TryCompile-spukco

Run Build Command(s):C:/Program Files/JetBrains/CLion 2023.1.1/bin/ninja/win/x64/ninja.exe cmTC_55f8b && [1/2] Building C object CMakeFiles\cmTC_55f8b.dir\HAS_SOCKLEN_T.c.obj
FAILED: CMakeFiles/cmTC_55f8b.dir/HAS_SOCKLEN_T.c.obj 
C:\PROGRA~1\MICROS~2\2022\COMMUN~1\VC\Tools\MSVC\1435~1.322\bin\Hostx86\x86\cl.exe  /nologo   /DWIN32 /D_WINDOWS /W3  /MDd /Zi /Ob0 /Od /RTC1 /showIncludes /FoCMakeFiles\cmTC_55f8b.dir\HAS_SOCKLEN_T.c.obj /FdCMakeFiles\cmTC_55f8b.dir\ /FS -c C:\Dev\S0012E\Assignment4\S0012E-Engine\cmake-build-debug\CMakeFiles\CMakeScratch\TryCompile-spukco\HAS_SOCKLEN_T.c
C:\Dev\S0012E\Assignment4\S0012E-Engine\cmake-build-debug\CMakeFiles\CMakeScratch\TryCompile-spukco\HAS_SOCKLEN_T.c(2): fatal error C1083: Cannot open include file: 'sys/socket.h': No such file or directory
ninja: build stopped: subcommand failed.


HAS_SOCKLEN_T.c:
#include "sys/types.h"
#include "sys/socket.h"


#undef KEY
#if defined(__i386)
# define KEY '_','_','i','3','8','6'
#elif defined(__x86_64)
# define KEY '_','_','x','8','6','_','6','4'
#elif defined(__PPC64__)
# define KEY '_','_','P','P','C','6','4','_','_'
#elif defined(__ppc64__)
# define KEY '_','_','p','p','c','6','4','_','_'
#elif defined(__PPC__)
# define KEY '_','_','P','P','C','_','_'
#elif defined(__ppc__)
# define KEY '_','_','p','p','c','_','_'
#elif defined(__aarch64__)
# define KEY '_','_','a','a','r','c','h','6','4','_','_'
#elif defined(__ARM_ARCH_7A__)
# define KEY '_','_','A','R','M','_','A','R','C','H','_','7','A','_','_'
#elif defined(__ARM_ARCH_7S__)
# define KEY '_','_','A','R','M','_','A','R','C','H','_','7','S','_','_'
#endif

#define SIZE (sizeof(socklen_t))
static char info_size[] =  {'I', 'N', 'F', 'O', ':', 's','i','z','e','[',
  ('0' + ((SIZE / 10000)%10)),
  ('0' + ((SIZE / 1000)%10)),
  ('0' + ((SIZE / 100)%10)),
  ('0' + ((SIZE / 10)%10)),
  ('0' +  (SIZE    % 10)),
  ']',
#ifdef KEY
  ' ','k','e','y','[', KEY, ']',
#endif
  '\0'};

#ifdef __CLASSIC_C__
int main(argc, argv) int argc; char *argv[];
#else
int main(int argc, char *argv[])
#endif
{
  int require = 0;
  require += info_size[argc];
  (void)argv;
  return require;
}


Performing C SOURCE FILE Test CMAKE_HAVE_LIBC_PTHREAD failed with the following output:
Change Dir: C:/Dev/S0012E/Assignment4/S0012E-Engine/cmake-build-debug/CMakeFiles/CMakeScratch/TryCompile-nu4lzd

Run Build Command(s):C:/Program Files/JetBrains/CLion 2023.1.1/bin/ninja/win/x64/ninja.exe cmTC_093e4 && [1/2] Building C object CMakeFiles\cmTC_093e4.dir\src.c.obj
FAILED: CMakeFiles/cmTC_093e4.dir/src.c.obj 
C:\PROGRA~1\MICROS~2\2022\COMMUN~1\VC\Tools\MSVC\1435~1.322\bin\Hostx86\x86\cl.exe  /nologo -DCMAKE_HAVE_LIBC_PTHREAD  /DWIN32 /D_WINDOWS /W3  /MDd /Zi /Ob0 /Od /RTC1 /showIncludes /FoCMakeFiles\cmTC_093e4.dir\src.c.obj /FdCMakeFiles\cmTC_093e4.dir\ /FS -c C:\Dev\S0012E\Assignment4\S0012E-Engine\cmake-build-debug\CMakeFiles\CMakeScratch\TryCompile-nu4lzd\src.c
C:\Dev\S0012E\Assignment4\S0012E-Engine\cmake-build-debug\CMakeFiles\CMakeScratch\TryCompile-nu4lzd\src.c(1): fatal error C1083: Cannot open include file: 'pthread.h': No such file or directory
ninja: build stopped: subcommand failed.


Source file was:
#include <pthread.h>

static void* test_func(void* data)
{
  return data;
}

int main(void)
{
  pthread_t thread;
  pthread_create(&thread, NULL, test_func, NULL);
  pthread_detach(thread);
  pthread_cancel(thread);
  pthread_join(thread, NULL);
  pthread_atfork(NULL, NULL, NULL);
  pthread_exit(NULL);

  return 0;
}


Determining if the function pthread_create exists in the pthreads failed with the following output:
Change Dir: C:/Dev/S0012E/Assignment4/S0012E-Engine/cmake-build-debug/CMakeFiles/CMakeScratch/TryCompile-izuq5w

Run Build Command(s):C:/Program Files/JetBrains/CLion 2023.1.1/bin/ninja/win/x64/ninja.exe cmTC_a0856 && [1/2] Building C object CMakeFiles\cmTC_a0856.dir\CheckFunctionExists.c.obj
[2/2] Linking C executable cmTC_a0856.exe
FAILED: cmTC_a0856.exe 
cmd.exe /C "cd . && "C:\Program Files\JetBrains\CLion 2023.1.1\bin\cmake\win\x64\bin\cmake.exe" -E vs_link_exe --intdir=CMakeFiles\cmTC_a0856.dir --rc=C:\PROGRA~2\WI3CF2~1\10\bin\100220~1.0\x86\rc.exe --mt=C:\PROGRA~2\WI3CF2~1\10\bin\100220~1.0\x86\mt.exe --manifests  -- C:\PROGRA~1\MICROS~2\2022\COMMUN~1\VC\Tools\MSVC\1435~1.322\bin\Hostx86\x86\link.exe /nologo CMakeFiles\cmTC_a0856.dir\CheckFunctionExists.c.obj  /out:cmTC_a0856.exe /implib:cmTC_a0856.lib /pdb:cmTC_a0856.pdb /version:0.0 /machine:X86  /debug /INCREMENTAL /subsystem:console  pthreads.lib  kernel32.lib user32.lib gdi32.lib winspool.lib shell32.lib ole32.lib oleaut32.lib uuid.lib comdlg32.lib advapi32.lib && cd ."
LINK Pass 1: command "C:\PROGRA~1\MICROS~2\2022\COMMUN~1\VC\Tools\MSVC\1435~1.322\bin\Hostx86\x86\link.exe /nologo CMakeFiles\cmTC_a0856.dir\CheckFunctionExists.c.obj /out:cmTC_a0856.exe /implib:cmTC_a0856.lib /pdb:cmTC_a0856.pdb /version:0.0 /machine:X86 /debug /INCREMENTAL /subsystem:console pthreads.lib kernel32.lib user32.lib gdi32.lib winspool.lib shell32.lib ole32.lib oleaut32.lib uuid.lib comdlg32.lib advapi32.lib /MANIFEST /MANIFESTFILE:CMakeFiles\cmTC_a0856.dir/intermediate.manifest CMakeFiles\cmTC_a0856.dir/manifest.res" failed (exit code 1104) with the following output:
LINK : fatal error LNK1104: cannot open file 'pthreads.lib'
ninja: build stopped: subcommand failed.



Determining if the function pthread_create exists in the pthread failed with the following output:
Change Dir: C:/Dev/S0012E/Assignment4/S0012E-Engine/cmake-build-debug/CMakeFiles/CMakeScratch/TryCompile-t2r153

Run Build Command(s):C:/Program Files/JetBrains/CLion 2023.1.1/bin/ninja/win/x64/ninja.exe cmTC_71cc8 && [1/2] Building C object CMakeFiles\cmTC_71cc8.dir\CheckFunctionExists.c.obj
[2/2] Linking C executable cmTC_71cc8.exe
FAILED: cmTC_71cc8.exe 
cmd.exe /C "cd . && "C:\Program Files\JetBrains\CLion 2023.1.1\bin\cmake\win\x64\bin\cmake.exe" -E vs_link_exe --intdir=CMakeFiles\cmTC_71cc8.dir --rc=C:\PROGRA~2\WI3CF2~1\10\bin\100220~1.0\x86\rc.exe --mt=C:\PROGRA~2\WI3CF2~1\10\bin\100220~1.0\x86\mt.exe --manifests  -- C:\PROGRA~1\MICROS~2\2022\COMMUN~1\VC\Tools\MSVC\1435~1.322\bin\Hostx86\x86\link.exe /nologo CMakeFiles\cmTC_71cc8.dir\CheckFunctionExists.c.obj  /out:cmTC_71cc8.exe /implib:cmTC_71cc8.lib /pdb:cmTC_71cc8.pdb /version:0.0 /machine:X86  /debug /INCREMENTAL /subsystem:console  pthread.lib  kernel32.lib user32.lib gdi32.lib winspool.lib shell32.lib ole32.lib oleaut32.lib uuid.lib comdlg32.lib advapi32.lib && cd ."
LINK Pass 1: command "C:\PROGRA~1\MICROS~2\2022\COMMUN~1\VC\Tools\MSVC\1435~1.322\bin\Hostx86\x86\link.exe /nologo CMakeFiles\cmTC_71cc8.dir\CheckFunctionExists.c.obj /out:cmTC_71cc8.exe /implib:cmTC_71cc8.lib /pdb:cmTC_71cc8.pdb /version:0.0 /machine:X86 /debug /INCREMENTAL /subsystem:console pthread.lib kernel32.lib user32.lib gdi32.lib winspool.lib shell32.lib ole32.lib oleaut32.lib uuid.lib comdlg32.lib advapi32.lib /MANIFEST /MANIFESTFILE:CMakeFiles\cmTC_71cc8.dir/intermediate.manifest CMakeFiles\cmTC_71cc8.dir/manifest.res" failed (exit code 1104) with the following output:
LINK : fatal error LNK1104: cannot open file 'pthread.lib'
ninja: build stopped: subcommand failed.



