Determining if the function fcntl exists failed with the following output:
Change Dir: C:/Dev/S0012E/Assignment4/S0012E-Engine/cmake-build-release/CMakeFiles/CMakeScratch/TryCompile-vveg19

Run Build Command(s):C:/Program Files/JetBrains/CLion 2023.1.1/bin/ninja/win/x64/ninja.exe cmTC_653a5 && [1/2] Building C object CMakeFiles\cmTC_653a5.dir\CheckFunctionExists.c.obj
[2/2] Linking C executable cmTC_653a5.exe
FAILED: cmTC_653a5.exe 
cmd.exe /C "cd . && "C:\Program Files\JetBrains\CLion 2023.1.1\bin\cmake\win\x64\bin\cmake.exe" -E vs_link_exe --intdir=CMakeFiles\cmTC_653a5.dir --rc=C:\PROGRA~2\WI3CF2~1\10\bin\100220~1.0\x86\rc.exe --mt=C:\PROGRA~2\WI3CF2~1\10\bin\100220~1.0\x86\mt.exe --manifests  -- C:\PROGRA~1\MICROS~2\2022\COMMUN~1\VC\Tools\MSVC\1435~1.322\bin\Hostx86\x86\link.exe /nologo CMakeFiles\cmTC_653a5.dir\CheckFunctionExists.c.obj  /out:cmTC_653a5.exe /implib:cmTC_653a5.lib /pdb:cmTC_653a5.pdb /version:0.0 /machine:X86  /debug /INCREMENTAL /subsystem:console  kernel32.lib user32.lib gdi32.lib winspool.lib shell32.lib ole32.lib oleaut32.lib uuid.lib comdlg32.lib advapi32.lib && cd ."
LINK Pass 1: command "C:\PROGRA~1\MICROS~2\2022\COMMUN~1\VC\Tools\MSVC\1435~1.322\bin\Hostx86\x86\link.exe /nologo CMakeFiles\cmTC_653a5.dir\CheckFunctionExists.c.obj /out:cmTC_653a5.exe /implib:cmTC_653a5.lib /pdb:cmTC_653a5.pdb /version:0.0 /machine:X86 /debug /INCREMENTAL /subsystem:console kernel32.lib user32.lib gdi32.lib winspool.lib shell32.lib ole32.lib oleaut32.lib uuid.lib comdlg32.lib advapi32.lib /MANIFEST /MANIFESTFILE:CMakeFiles\cmTC_653a5.dir/intermediate.manifest CMakeFiles\cmTC_653a5.dir/manifest.res" failed (exit code 1120) with the following output:
CheckFunctionExists.c.obj : error LNK2019: unresolved external symbol _fcntl referenced in function _main
cmTC_653a5.exe : fatal error LNK1120: 1 unresolved externals
ninja: build stopped: subcommand failed.



Determining if the function poll exists failed with the following output:
Change Dir: C:/Dev/S0012E/Assignment4/S0012E-Engine/cmake-build-release/CMakeFiles/CMakeScratch/TryCompile-6tbdvz

Run Build Command(s):C:/Program Files/JetBrains/CLion 2023.1.1/bin/ninja/win/x64/ninja.exe cmTC_8cebf && [1/2] Building C object CMakeFiles\cmTC_8cebf.dir\CheckFunctionExists.c.obj
[2/2] Linking C executable cmTC_8cebf.exe
FAILED: cmTC_8cebf.exe 
cmd.exe /C "cd . && "C:\Program Files\JetBrains\CLion 2023.1.1\bin\cmake\win\x64\bin\cmake.exe" -E vs_link_exe --intdir=CMakeFiles\cmTC_8cebf.dir --rc=C:\PROGRA~2\WI3CF2~1\10\bin\100220~1.0\x86\rc.exe --mt=C:\PROGRA~2\WI3CF2~1\10\bin\100220~1.0\x86\mt.exe --manifests  -- C:\PROGRA~1\MICROS~2\2022\COMMUN~1\VC\Tools\MSVC\1435~1.322\bin\Hostx86\x86\link.exe /nologo CMakeFiles\cmTC_8cebf.dir\CheckFunctionExists.c.obj  /out:cmTC_8cebf.exe /implib:cmTC_8cebf.lib /pdb:cmTC_8cebf.pdb /version:0.0 /machine:X86  /debug /INCREMENTAL /subsystem:console  kernel32.lib user32.lib gdi32.lib winspool.lib shell32.lib ole32.lib oleaut32.lib uuid.lib comdlg32.lib advapi32.lib && cd ."
LINK Pass 1: command "C:\PROGRA~1\MICROS~2\2022\COMMUN~1\VC\Tools\MSVC\1435~1.322\bin\Hostx86\x86\link.exe /nologo CMakeFiles\cmTC_8cebf.dir\CheckFunctionExists.c.obj /out:cmTC_8cebf.exe /implib:cmTC_8cebf.lib /pdb:cmTC_8cebf.pdb /version:0.0 /machine:X86 /debug /INCREMENTAL /subsystem:console kernel32.lib user32.lib gdi32.lib winspool.lib shell32.lib ole32.lib oleaut32.lib uuid.lib comdlg32.lib advapi32.lib /MANIFEST /MANIFESTFILE:CMakeFiles\cmTC_8cebf.dir/intermediate.manifest CMakeFiles\cmTC_8cebf.dir/manifest.res" failed (exit code 1120) with the following output:
CheckFunctionExists.c.obj : error LNK2019: unresolved external symbol _poll referenced in function _main
cmTC_8cebf.exe : fatal error LNK1120: 1 unresolved externals
ninja: build stopped: subcommand failed.



Determining if the function getaddrinfo exists failed with the following output:
Change Dir: C:/Dev/S0012E/Assignment4/S0012E-Engine/cmake-build-release/CMakeFiles/CMakeScratch/TryCompile-108x31

Run Build Command(s):C:/Program Files/JetBrains/CLion 2023.1.1/bin/ninja/win/x64/ninja.exe cmTC_0484d && [1/2] Building C object CMakeFiles\cmTC_0484d.dir\CheckFunctionExists.c.obj
[2/2] Linking C executable cmTC_0484d.exe
FAILED: cmTC_0484d.exe 
cmd.exe /C "cd . && "C:\Program Files\JetBrains\CLion 2023.1.1\bin\cmake\win\x64\bin\cmake.exe" -E vs_link_exe --intdir=CMakeFiles\cmTC_0484d.dir --rc=C:\PROGRA~2\WI3CF2~1\10\bin\100220~1.0\x86\rc.exe --mt=C:\PROGRA~2\WI3CF2~1\10\bin\100220~1.0\x86\mt.exe --manifests  -- C:\PROGRA~1\MICROS~2\2022\COMMUN~1\VC\Tools\MSVC\1435~1.322\bin\Hostx86\x86\link.exe /nologo CMakeFiles\cmTC_0484d.dir\CheckFunctionExists.c.obj  /out:cmTC_0484d.exe /implib:cmTC_0484d.lib /pdb:cmTC_0484d.pdb /version:0.0 /machine:X86  /debug /INCREMENTAL /subsystem:console  kernel32.lib user32.lib gdi32.lib winspool.lib shell32.lib ole32.lib oleaut32.lib uuid.lib comdlg32.lib advapi32.lib && cd ."
LINK Pass 1: command "C:\PROGRA~1\MICROS~2\2022\COMMUN~1\VC\Tools\MSVC\1435~1.322\bin\Hostx86\x86\link.exe /nologo CMakeFiles\cmTC_0484d.dir\CheckFunctionExists.c.obj /out:cmTC_0484d.exe /implib:cmTC_0484d.lib /pdb:cmTC_0484d.pdb /version:0.0 /machine:X86 /debug /INCREMENTAL /subsystem:console kernel32.lib user32.lib gdi32.lib winspool.lib shell32.lib ole32.lib oleaut32.lib uuid.lib comdlg32.lib advapi32.lib /MANIFEST /MANIFESTFILE:CMakeFiles\cmTC_0484d.dir/intermediate.manifest CMakeFiles\cmTC_0484d.dir/manifest.res" failed (exit code 1120) with the following output:
CheckFunctionExists.c.obj : error LNK2019: unresolved external symbol _getaddrinfo referenced in function _main
cmTC_0484d.exe : fatal error LNK1120: 1 unresolved externals
ninja: build stopped: subcommand failed.



Determining if the function getnameinfo exists failed with the following output:
Change Dir: C:/Dev/S0012E/Assignment4/S0012E-Engine/cmake-build-release/CMakeFiles/CMakeScratch/TryCompile-6i1iuu

Run Build Command(s):C:/Program Files/JetBrains/CLion 2023.1.1/bin/ninja/win/x64/ninja.exe cmTC_4a058 && [1/2] Building C object CMakeFiles\cmTC_4a058.dir\CheckFunctionExists.c.obj
[2/2] Linking C executable cmTC_4a058.exe
FAILED: cmTC_4a058.exe 
cmd.exe /C "cd . && "C:\Program Files\JetBrains\CLion 2023.1.1\bin\cmake\win\x64\bin\cmake.exe" -E vs_link_exe --intdir=CMakeFiles\cmTC_4a058.dir --rc=C:\PROGRA~2\WI3CF2~1\10\bin\100220~1.0\x86\rc.exe --mt=C:\PROGRA~2\WI3CF2~1\10\bin\100220~1.0\x86\mt.exe --manifests  -- C:\PROGRA~1\MICROS~2\2022\COMMUN~1\VC\Tools\MSVC\1435~1.322\bin\Hostx86\x86\link.exe /nologo CMakeFiles\cmTC_4a058.dir\CheckFunctionExists.c.obj  /out:cmTC_4a058.exe /implib:cmTC_4a058.lib /pdb:cmTC_4a058.pdb /version:0.0 /machine:X86  /debug /INCREMENTAL /subsystem:console  kernel32.lib user32.lib gdi32.lib winspool.lib shell32.lib ole32.lib oleaut32.lib uuid.lib comdlg32.lib advapi32.lib && cd ."
LINK Pass 1: command "C:\PROGRA~1\MICROS~2\2022\COMMUN~1\VC\Tools\MSVC\1435~1.322\bin\Hostx86\x86\link.exe /nologo CMakeFiles\cmTC_4a058.dir\CheckFunctionExists.c.obj /out:cmTC_4a058.exe /implib:cmTC_4a058.lib /pdb:cmTC_4a058.pdb /version:0.0 /machine:X86 /debug /INCREMENTAL /subsystem:console kernel32.lib user32.lib gdi32.lib winspool.lib shell32.lib ole32.lib oleaut32.lib uuid.lib comdlg32.lib advapi32.lib /MANIFEST /MANIFESTFILE:CMakeFiles\cmTC_4a058.dir/intermediate.manifest CMakeFiles\cmTC_4a058.dir/manifest.res" failed (exit code 1120) with the following output:
CheckFunctionExists.c.obj : error LNK2019: unresolved external symbol _getnameinfo referenced in function _main
cmTC_4a058.exe : fatal error LNK1120: 1 unresolved externals
ninja: build stopped: subcommand failed.



Determining if the function gethostbyname_r exists failed with the following output:
Change Dir: C:/Dev/S0012E/Assignment4/S0012E-Engine/cmake-build-release/CMakeFiles/CMakeScratch/TryCompile-0vlad6

Run Build Command(s):C:/Program Files/JetBrains/CLion 2023.1.1/bin/ninja/win/x64/ninja.exe cmTC_c7e4f && [1/2] Building C object CMakeFiles\cmTC_c7e4f.dir\CheckFunctionExists.c.obj
[2/2] Linking C executable cmTC_c7e4f.exe
FAILED: cmTC_c7e4f.exe 
cmd.exe /C "cd . && "C:\Program Files\JetBrains\CLion 2023.1.1\bin\cmake\win\x64\bin\cmake.exe" -E vs_link_exe --intdir=CMakeFiles\cmTC_c7e4f.dir --rc=C:\PROGRA~2\WI3CF2~1\10\bin\100220~1.0\x86\rc.exe --mt=C:\PROGRA~2\WI3CF2~1\10\bin\100220~1.0\x86\mt.exe --manifests  -- C:\PROGRA~1\MICROS~2\2022\COMMUN~1\VC\Tools\MSVC\1435~1.322\bin\Hostx86\x86\link.exe /nologo CMakeFiles\cmTC_c7e4f.dir\CheckFunctionExists.c.obj  /out:cmTC_c7e4f.exe /implib:cmTC_c7e4f.lib /pdb:cmTC_c7e4f.pdb /version:0.0 /machine:X86  /debug /INCREMENTAL /subsystem:console  kernel32.lib user32.lib gdi32.lib winspool.lib shell32.lib ole32.lib oleaut32.lib uuid.lib comdlg32.lib advapi32.lib && cd ."
LINK Pass 1: command "C:\PROGRA~1\MICROS~2\2022\COMMUN~1\VC\Tools\MSVC\1435~1.322\bin\Hostx86\x86\link.exe /nologo CMakeFiles\cmTC_c7e4f.dir\CheckFunctionExists.c.obj /out:cmTC_c7e4f.exe /implib:cmTC_c7e4f.lib /pdb:cmTC_c7e4f.pdb /version:0.0 /machine:X86 /debug /INCREMENTAL /subsystem:console kernel32.lib user32.lib gdi32.lib winspool.lib shell32.lib ole32.lib oleaut32.lib uuid.lib comdlg32.lib advapi32.lib /MANIFEST /MANIFESTFILE:CMakeFiles\cmTC_c7e4f.dir/intermediate.manifest CMakeFiles\cmTC_c7e4f.dir/manifest.res" failed (exit code 1120) with the following output:
CheckFunctionExists.c.obj : error LNK2019: unresolved external symbol _gethostbyname_r referenced in function _main
cmTC_c7e4f.exe : fatal error LNK1120: 1 unresolved externals
ninja: build stopped: subcommand failed.



Determining if the function gethostbyaddr_r exists failed with the following output:
Change Dir: C:/Dev/S0012E/Assignment4/S0012E-Engine/cmake-build-release/CMakeFiles/CMakeScratch/TryCompile-u7q2hz

Run Build Command(s):C:/Program Files/JetBrains/CLion 2023.1.1/bin/ninja/win/x64/ninja.exe cmTC_26841 && [1/2] Building C object CMakeFiles\cmTC_26841.dir\CheckFunctionExists.c.obj
[2/2] Linking C executable cmTC_26841.exe
FAILED: cmTC_26841.exe 
cmd.exe /C "cd . && "C:\Program Files\JetBrains\CLion 2023.1.1\bin\cmake\win\x64\bin\cmake.exe" -E vs_link_exe --intdir=CMakeFiles\cmTC_26841.dir --rc=C:\PROGRA~2\WI3CF2~1\10\bin\100220~1.0\x86\rc.exe --mt=C:\PROGRA~2\WI3CF2~1\10\bin\100220~1.0\x86\mt.exe --manifests  -- C:\PROGRA~1\MICROS~2\2022\COMMUN~1\VC\Tools\MSVC\1435~1.322\bin\Hostx86\x86\link.exe /nologo CMakeFiles\cmTC_26841.dir\CheckFunctionExists.c.obj  /out:cmTC_26841.exe /implib:cmTC_26841.lib /pdb:cmTC_26841.pdb /version:0.0 /machine:X86  /debug /INCREMENTAL /subsystem:console  kernel32.lib user32.lib gdi32.lib winspool.lib shell32.lib ole32.lib oleaut32.lib uuid.lib comdlg32.lib advapi32.lib && cd ."
LINK Pass 1: command "C:\PROGRA~1\MICROS~2\2022\COMMUN~1\VC\Tools\MSVC\1435~1.322\bin\Hostx86\x86\link.exe /nologo CMakeFiles\cmTC_26841.dir\CheckFunctionExists.c.obj /out:cmTC_26841.exe /implib:cmTC_26841.lib /pdb:cmTC_26841.pdb /version:0.0 /machine:X86 /debug /INCREMENTAL /subsystem:console kernel32.lib user32.lib gdi32.lib winspool.lib shell32.lib ole32.lib oleaut32.lib uuid.lib comdlg32.lib advapi32.lib /MANIFEST /MANIFESTFILE:CMakeFiles\cmTC_26841.dir/intermediate.manifest CMakeFiles\cmTC_26841.dir/manifest.res" failed (exit code 1120) with the following output:
CheckFunctionExists.c.obj : error LNK2019: unresolved external symbol _gethostbyaddr_r referenced in function _main
cmTC_26841.exe : fatal error LNK1120: 1 unresolved externals
ninja: build stopped: subcommand failed.



Determining if the function inet_pton exists failed with the following output:
Change Dir: C:/Dev/S0012E/Assignment4/S0012E-Engine/cmake-build-release/CMakeFiles/CMakeScratch/TryCompile-sqh2kn

Run Build Command(s):C:/Program Files/JetBrains/CLion 2023.1.1/bin/ninja/win/x64/ninja.exe cmTC_3ef58 && [1/2] Building C object CMakeFiles\cmTC_3ef58.dir\CheckFunctionExists.c.obj
[2/2] Linking C executable cmTC_3ef58.exe
FAILED: cmTC_3ef58.exe 
cmd.exe /C "cd . && "C:\Program Files\JetBrains\CLion 2023.1.1\bin\cmake\win\x64\bin\cmake.exe" -E vs_link_exe --intdir=CMakeFiles\cmTC_3ef58.dir --rc=C:\PROGRA~2\WI3CF2~1\10\bin\100220~1.0\x86\rc.exe --mt=C:\PROGRA~2\WI3CF2~1\10\bin\100220~1.0\x86\mt.exe --manifests  -- C:\PROGRA~1\MICROS~2\2022\COMMUN~1\VC\Tools\MSVC\1435~1.322\bin\Hostx86\x86\link.exe /nologo CMakeFiles\cmTC_3ef58.dir\CheckFunctionExists.c.obj  /out:cmTC_3ef58.exe /implib:cmTC_3ef58.lib /pdb:cmTC_3ef58.pdb /version:0.0 /machine:X86  /debug /INCREMENTAL /subsystem:console  kernel32.lib user32.lib gdi32.lib winspool.lib shell32.lib ole32.lib oleaut32.lib uuid.lib comdlg32.lib advapi32.lib && cd ."
LINK Pass 1: command "C:\PROGRA~1\MICROS~2\2022\COMMUN~1\VC\Tools\MSVC\1435~1.322\bin\Hostx86\x86\link.exe /nologo CMakeFiles\cmTC_3ef58.dir\CheckFunctionExists.c.obj /out:cmTC_3ef58.exe /implib:cmTC_3ef58.lib /pdb:cmTC_3ef58.pdb /version:0.0 /machine:X86 /debug /INCREMENTAL /subsystem:console kernel32.lib user32.lib gdi32.lib winspool.lib shell32.lib ole32.lib oleaut32.lib uuid.lib comdlg32.lib advapi32.lib /MANIFEST /MANIFESTFILE:CMakeFiles\cmTC_3ef58.dir/intermediate.manifest CMakeFiles\cmTC_3ef58.dir/manifest.res" failed (exit code 1120) with the following output:
CheckFunctionExists.c.obj : error LNK2019: unresolved external symbol _inet_pton referenced in function _main
cmTC_3ef58.exe : fatal error LNK1120: 1 unresolved externals
ninja: build stopped: subcommand failed.



Determining if the function inet_ntop exists failed with the following output:
Change Dir: C:/Dev/S0012E/Assignment4/S0012E-Engine/cmake-build-release/CMakeFiles/CMakeScratch/TryCompile-f3nl7w

Run Build Command(s):C:/Program Files/JetBrains/CLion 2023.1.1/bin/ninja/win/x64/ninja.exe cmTC_4eb11 && [1/2] Building C object CMakeFiles\cmTC_4eb11.dir\CheckFunctionExists.c.obj
[2/2] Linking C executable cmTC_4eb11.exe
FAILED: cmTC_4eb11.exe 
cmd.exe /C "cd . && "C:\Program Files\JetBrains\CLion 2023.1.1\bin\cmake\win\x64\bin\cmake.exe" -E vs_link_exe --intdir=CMakeFiles\cmTC_4eb11.dir --rc=C:\PROGRA~2\WI3CF2~1\10\bin\100220~1.0\x86\rc.exe --mt=C:\PROGRA~2\WI3CF2~1\10\bin\100220~1.0\x86\mt.exe --manifests  -- C:\PROGRA~1\MICROS~2\2022\COMMUN~1\VC\Tools\MSVC\1435~1.322\bin\Hostx86\x86\link.exe /nologo CMakeFiles\cmTC_4eb11.dir\CheckFunctionExists.c.obj  /out:cmTC_4eb11.exe /implib:cmTC_4eb11.lib /pdb:cmTC_4eb11.pdb /version:0.0 /machine:X86  /debug /INCREMENTAL /subsystem:console  kernel32.lib user32.lib gdi32.lib winspool.lib shell32.lib ole32.lib oleaut32.lib uuid.lib comdlg32.lib advapi32.lib && cd ."
LINK Pass 1: command "C:\PROGRA~1\MICROS~2\2022\COMMUN~1\VC\Tools\MSVC\1435~1.322\bin\Hostx86\x86\link.exe /nologo CMakeFiles\cmTC_4eb11.dir\CheckFunctionExists.c.obj /out:cmTC_4eb11.exe /implib:cmTC_4eb11.lib /pdb:cmTC_4eb11.pdb /version:0.0 /machine:X86 /debug /INCREMENTAL /subsystem:console kernel32.lib user32.lib gdi32.lib winspool.lib shell32.lib ole32.lib oleaut32.lib uuid.lib comdlg32.lib advapi32.lib /MANIFEST /MANIFESTFILE:CMakeFiles\cmTC_4eb11.dir/intermediate.manifest CMakeFiles\cmTC_4eb11.dir/manifest.res" failed (exit code 1120) with the following output:
CheckFunctionExists.c.obj : error LNK2019: unresolved external symbol _inet_ntop referenced in function _main
cmTC_4eb11.exe : fatal error LNK1120: 1 unresolved externals
ninja: build stopped: subcommand failed.



Performing C SOURCE FILE Test HAS_MSGHDR_FLAGS failed with the following output:
Change Dir: C:/Dev/S0012E/Assignment4/S0012E-Engine/cmake-build-release/CMakeFiles/CMakeScratch/TryCompile-gr0waz

Run Build Command(s):C:/Program Files/JetBrains/CLion 2023.1.1/bin/ninja/win/x64/ninja.exe cmTC_a2de4 && [1/2] Building C object CMakeFiles\cmTC_a2de4.dir\src.c.obj
FAILED: CMakeFiles/cmTC_a2de4.dir/src.c.obj 
C:\PROGRA~1\MICROS~2\2022\COMMUN~1\VC\Tools\MSVC\1435~1.322\bin\Hostx86\x86\cl.exe  /nologo -DHAS_MSGHDR_FLAGS  /DWIN32 /D_WINDOWS /W3  /MDd /Zi /Ob0 /Od /RTC1 /showIncludes /FoCMakeFiles\cmTC_a2de4.dir\src.c.obj /FdCMakeFiles\cmTC_a2de4.dir\ /FS -c C:\Dev\S0012E\Assignment4\S0012E-Engine\cmake-build-release\CMakeFiles\CMakeScratch\TryCompile-gr0waz\src.c
C:\Dev\S0012E\Assignment4\S0012E-Engine\cmake-build-release\CMakeFiles\CMakeScratch\TryCompile-gr0waz\src.c(3): fatal error C1083: Cannot open include file: 'sys/socket.h': No such file or directory
ninja: build stopped: subcommand failed.


Source file was:

#include <sys/types.h>
#include <sys/socket.h>

int main()
{
  (void)sizeof(((struct msghdr *)0)->msg_flags);
  return 0;
}


Determining size of socklen_t failed with the following output:
Change Dir: C:/Dev/S0012E/Assignment4/S0012E-Engine/cmake-build-release/CMakeFiles/CMakeScratch/TryCompile-z0tb44

Run Build Command(s):C:/Program Files/JetBrains/CLion 2023.1.1/bin/ninja/win/x64/ninja.exe cmTC_3d486 && [1/2] Building C object CMakeFiles\cmTC_3d486.dir\HAS_SOCKLEN_T.c.obj
FAILED: CMakeFiles/cmTC_3d486.dir/HAS_SOCKLEN_T.c.obj 
C:\PROGRA~1\MICROS~2\2022\COMMUN~1\VC\Tools\MSVC\1435~1.322\bin\Hostx86\x86\cl.exe  /nologo   /DWIN32 /D_WINDOWS /W3  /MDd /Zi /Ob0 /Od /RTC1 /showIncludes /FoCMakeFiles\cmTC_3d486.dir\HAS_SOCKLEN_T.c.obj /FdCMakeFiles\cmTC_3d486.dir\ /FS -c C:\Dev\S0012E\Assignment4\S0012E-Engine\cmake-build-release\CMakeFiles\CMakeScratch\TryCompile-z0tb44\HAS_SOCKLEN_T.c
C:\Dev\S0012E\Assignment4\S0012E-Engine\cmake-build-release\CMakeFiles\CMakeScratch\TryCompile-z0tb44\HAS_SOCKLEN_T.c(2): fatal error C1083: Cannot open include file: 'sys/socket.h': No such file or directory
ninja: build stopped: subcommand failed.


HAS_SOCKLEN_T.c:
#include "sys/types.h"
#include "sys/socket.h"


#undef KEY
#if defined(__i386)
# define KEY '_','_','i','3','8','6'
#elif defined(__x86_64)
# define KEY '_','_','x','8','6','_','6','4'
#elif defined(__PPC64__)
# define KEY '_','_','P','P','C','6','4','_','_'
#elif defined(__ppc64__)
# define KEY '_','_','p','p','c','6','4','_','_'
#elif defined(__PPC__)
# define KEY '_','_','P','P','C','_','_'
#elif defined(__ppc__)
# define KEY '_','_','p','p','c','_','_'
#elif defined(__aarch64__)
# define KEY '_','_','a','a','r','c','h','6','4','_','_'
#elif defined(__ARM_ARCH_7A__)
# define KEY '_','_','A','R','M','_','A','R','C','H','_','7','A','_','_'
#elif defined(__ARM_ARCH_7S__)
# define KEY '_','_','A','R','M','_','A','R','C','H','_','7','S','_','_'
#endif

#define SIZE (sizeof(socklen_t))
static char info_size[] =  {'I', 'N', 'F', 'O', ':', 's','i','z','e','[',
  ('0' + ((SIZE / 10000)%10)),
  ('0' + ((SIZE / 1000)%10)),
  ('0' + ((SIZE / 100)%10)),
  ('0' + ((SIZE / 10)%10)),
  ('0' +  (SIZE    % 10)),
  ']',
#ifdef KEY
  ' ','k','e','y','[', KEY, ']',
#endif
  '\0'};

#ifdef __CLASSIC_C__
int main(argc, argv) int argc; char *argv[];
#else
int main(int argc, char *argv[])
#endif
{
  int require = 0;
  require += info_size[argc];
  (void)argv;
  return require;
}


Performing C SOURCE FILE Test CMAKE_HAVE_LIBC_PTHREAD failed with the following output:
Change Dir: C:/Dev/S0012E/Assignment4/S0012E-Engine/cmake-build-release/CMakeFiles/CMakeScratch/TryCompile-lk3zgi

Run Build Command(s):C:/Program Files/JetBrains/CLion 2023.1.1/bin/ninja/win/x64/ninja.exe cmTC_5d610 && [1/2] Building C object CMakeFiles\cmTC_5d610.dir\src.c.obj
FAILED: CMakeFiles/cmTC_5d610.dir/src.c.obj 
C:\PROGRA~1\MICROS~2\2022\COMMUN~1\VC\Tools\MSVC\1435~1.322\bin\Hostx86\x86\cl.exe  /nologo -DCMAKE_HAVE_LIBC_PTHREAD  /DWIN32 /D_WINDOWS /W3  /MDd /Zi /Ob0 /Od /RTC1 /showIncludes /FoCMakeFiles\cmTC_5d610.dir\src.c.obj /FdCMakeFiles\cmTC_5d610.dir\ /FS -c C:\Dev\S0012E\Assignment4\S0012E-Engine\cmake-build-release\CMakeFiles\CMakeScratch\TryCompile-lk3zgi\src.c
C:\Dev\S0012E\Assignment4\S0012E-Engine\cmake-build-release\CMakeFiles\CMakeScratch\TryCompile-lk3zgi\src.c(1): fatal error C1083: Cannot open include file: 'pthread.h': No such file or directory
ninja: build stopped: subcommand failed.


Source file was:
#include <pthread.h>

static void* test_func(void* data)
{
  return data;
}

int main(void)
{
  pthread_t thread;
  pthread_create(&thread, NULL, test_func, NULL);
  pthread_detach(thread);
  pthread_cancel(thread);
  pthread_join(thread, NULL);
  pthread_atfork(NULL, NULL, NULL);
  pthread_exit(NULL);

  return 0;
}


Determining if the function pthread_create exists in the pthreads failed with the following output:
Change Dir: C:/Dev/S0012E/Assignment4/S0012E-Engine/cmake-build-release/CMakeFiles/CMakeScratch/TryCompile-q26rxk

Run Build Command(s):C:/Program Files/JetBrains/CLion 2023.1.1/bin/ninja/win/x64/ninja.exe cmTC_49e9b && [1/2] Building C object CMakeFiles\cmTC_49e9b.dir\CheckFunctionExists.c.obj
[2/2] Linking C executable cmTC_49e9b.exe
FAILED: cmTC_49e9b.exe 
cmd.exe /C "cd . && "C:\Program Files\JetBrains\CLion 2023.1.1\bin\cmake\win\x64\bin\cmake.exe" -E vs_link_exe --intdir=CMakeFiles\cmTC_49e9b.dir --rc=C:\PROGRA~2\WI3CF2~1\10\bin\100220~1.0\x86\rc.exe --mt=C:\PROGRA~2\WI3CF2~1\10\bin\100220~1.0\x86\mt.exe --manifests  -- C:\PROGRA~1\MICROS~2\2022\COMMUN~1\VC\Tools\MSVC\1435~1.322\bin\Hostx86\x86\link.exe /nologo CMakeFiles\cmTC_49e9b.dir\CheckFunctionExists.c.obj  /out:cmTC_49e9b.exe /implib:cmTC_49e9b.lib /pdb:cmTC_49e9b.pdb /version:0.0 /machine:X86  /debug /INCREMENTAL /subsystem:console  pthreads.lib  kernel32.lib user32.lib gdi32.lib winspool.lib shell32.lib ole32.lib oleaut32.lib uuid.lib comdlg32.lib advapi32.lib && cd ."
LINK Pass 1: command "C:\PROGRA~1\MICROS~2\2022\COMMUN~1\VC\Tools\MSVC\1435~1.322\bin\Hostx86\x86\link.exe /nologo CMakeFiles\cmTC_49e9b.dir\CheckFunctionExists.c.obj /out:cmTC_49e9b.exe /implib:cmTC_49e9b.lib /pdb:cmTC_49e9b.pdb /version:0.0 /machine:X86 /debug /INCREMENTAL /subsystem:console pthreads.lib kernel32.lib user32.lib gdi32.lib winspool.lib shell32.lib ole32.lib oleaut32.lib uuid.lib comdlg32.lib advapi32.lib /MANIFEST /MANIFESTFILE:CMakeFiles\cmTC_49e9b.dir/intermediate.manifest CMakeFiles\cmTC_49e9b.dir/manifest.res" failed (exit code 1104) with the following output:
LINK : fatal error LNK1104: cannot open file 'pthreads.lib'
ninja: build stopped: subcommand failed.



Determining if the function pthread_create exists in the pthread failed with the following output:
Change Dir: C:/Dev/S0012E/Assignment4/S0012E-Engine/cmake-build-release/CMakeFiles/CMakeScratch/TryCompile-csy6an

Run Build Command(s):C:/Program Files/JetBrains/CLion 2023.1.1/bin/ninja/win/x64/ninja.exe cmTC_9bd60 && [1/2] Building C object CMakeFiles\cmTC_9bd60.dir\CheckFunctionExists.c.obj
[2/2] Linking C executable cmTC_9bd60.exe
FAILED: cmTC_9bd60.exe 
cmd.exe /C "cd . && "C:\Program Files\JetBrains\CLion 2023.1.1\bin\cmake\win\x64\bin\cmake.exe" -E vs_link_exe --intdir=CMakeFiles\cmTC_9bd60.dir --rc=C:\PROGRA~2\WI3CF2~1\10\bin\100220~1.0\x86\rc.exe --mt=C:\PROGRA~2\WI3CF2~1\10\bin\100220~1.0\x86\mt.exe --manifests  -- C:\PROGRA~1\MICROS~2\2022\COMMUN~1\VC\Tools\MSVC\1435~1.322\bin\Hostx86\x86\link.exe /nologo CMakeFiles\cmTC_9bd60.dir\CheckFunctionExists.c.obj  /out:cmTC_9bd60.exe /implib:cmTC_9bd60.lib /pdb:cmTC_9bd60.pdb /version:0.0 /machine:X86  /debug /INCREMENTAL /subsystem:console  pthread.lib  kernel32.lib user32.lib gdi32.lib winspool.lib shell32.lib ole32.lib oleaut32.lib uuid.lib comdlg32.lib advapi32.lib && cd ."
LINK Pass 1: command "C:\PROGRA~1\MICROS~2\2022\COMMUN~1\VC\Tools\MSVC\1435~1.322\bin\Hostx86\x86\link.exe /nologo CMakeFiles\cmTC_9bd60.dir\CheckFunctionExists.c.obj /out:cmTC_9bd60.exe /implib:cmTC_9bd60.lib /pdb:cmTC_9bd60.pdb /version:0.0 /machine:X86 /debug /INCREMENTAL /subsystem:console pthread.lib kernel32.lib user32.lib gdi32.lib winspool.lib shell32.lib ole32.lib oleaut32.lib uuid.lib comdlg32.lib advapi32.lib /MANIFEST /MANIFESTFILE:CMakeFiles\cmTC_9bd60.dir/intermediate.manifest CMakeFiles\cmTC_9bd60.dir/manifest.res" failed (exit code 1104) with the following output:
LINK : fatal error LNK1104: cannot open file 'pthread.lib'
ninja: build stopped: subcommand failed.



